Determining if the pthread_create exist failed with the following output:
Change Dir: /home/ic1/openpose/build/caffe/src/openpose_lib-build/CMakeFiles/CMakeTmp

Run Build Command:"/usr/bin/make" "cmTC_a1851/fast"
make[3]: Entering directory '/home/ic1/openpose/build/caffe/src/openpose_lib-build/CMakeFiles/CMakeTmp'
/usr/bin/make -f CMakeFiles/cmTC_a1851.dir/build.make CMakeFiles/cmTC_a1851.dir/build
make[4]: Entering directory '/home/ic1/openpose/build/caffe/src/openpose_lib-build/CMakeFiles/CMakeTmp'
Building C object CMakeFiles/cmTC_a1851.dir/CheckSymbolExists.c.o
/usr/bin/cc    -o CMakeFiles/cmTC_a1851.dir/CheckSymbolExists.c.o   -c /home/ic1/openpose/build/caffe/src/openpose_lib-build/CMakeFiles/CMakeTmp/CheckSymbolExists.c
Linking C executable cmTC_a1851
/usr/bin/cmake -E cmake_link_script CMakeFiles/cmTC_a1851.dir/link.txt --verbose=1
/usr/bin/cc      -rdynamic CMakeFiles/cmTC_a1851.dir/CheckSymbolExists.c.o  -o cmTC_a1851 
CMakeFiles/cmTC_a1851.dir/CheckSymbolExists.c.o: In function `main':
CheckSymbolExists.c:(.text+0x1b): undefined reference to `pthread_create'
collect2: error: ld returned 1 exit status
CMakeFiles/cmTC_a1851.dir/build.make:97: recipe for target 'cmTC_a1851' failed
make[4]: *** [cmTC_a1851] Error 1
make[4]: Leaving directory '/home/ic1/openpose/build/caffe/src/openpose_lib-build/CMakeFiles/CMakeTmp'
Makefile:126: recipe for target 'cmTC_a1851/fast' failed
make[3]: *** [cmTC_a1851/fast] Error 2
make[3]: Leaving directory '/home/ic1/openpose/build/caffe/src/openpose_lib-build/CMakeFiles/CMakeTmp'

File /home/ic1/openpose/build/caffe/src/openpose_lib-build/CMakeFiles/CMakeTmp/CheckSymbolExists.c:
/* */
#include <pthread.h>

int main(int argc, char** argv)
{
  (void)argv;
#ifndef pthread_create
  return ((int*)(&pthread_create))[argc];
#else
  (void)argc;
  return 0;
#endif
}

Determining if the function pthread_create exists in the pthreads failed with the following output:
Change Dir: /home/ic1/openpose/build/caffe/src/openpose_lib-build/CMakeFiles/CMakeTmp

Run Build Command:"/usr/bin/make" "cmTC_dd512/fast"
make[3]: Entering directory '/home/ic1/openpose/build/caffe/src/openpose_lib-build/CMakeFiles/CMakeTmp'
/usr/bin/make -f CMakeFiles/cmTC_dd512.dir/build.make CMakeFiles/cmTC_dd512.dir/build
make[4]: Entering directory '/home/ic1/openpose/build/caffe/src/openpose_lib-build/CMakeFiles/CMakeTmp'
Building C object CMakeFiles/cmTC_dd512.dir/CheckFunctionExists.c.o
/usr/bin/cc   -DCHECK_FUNCTION_EXISTS=pthread_create   -o CMakeFiles/cmTC_dd512.dir/CheckFunctionExists.c.o   -c /usr/share/cmake-3.10/Modules/CheckFunctionExists.c
Linking C executable cmTC_dd512
/usr/bin/cmake -E cmake_link_script CMakeFiles/cmTC_dd512.dir/link.txt --verbose=1
/usr/bin/cc  -DCHECK_FUNCTION_EXISTS=pthread_create    -rdynamic CMakeFiles/cmTC_dd512.dir/CheckFunctionExists.c.o  -o cmTC_dd512 -lpthreads 
/usr/bin/ld: cannot find -lpthreads
collect2: error: ld returned 1 exit status
CMakeFiles/cmTC_dd512.dir/build.make:97: recipe for target 'cmTC_dd512' failed
make[4]: *** [cmTC_dd512] Error 1
make[4]: Leaving directory '/home/ic1/openpose/build/caffe/src/openpose_lib-build/CMakeFiles/CMakeTmp'
Makefile:126: recipe for target 'cmTC_dd512/fast' failed
make[3]: *** [cmTC_dd512/fast] Error 2
make[3]: Leaving directory '/home/ic1/openpose/build/caffe/src/openpose_lib-build/CMakeFiles/CMakeTmp'


Performing C SOURCE FILE Test CMAKE_HAVE_LIBC_PTHREAD failed with the following output:
Change Dir: /home/ic1/openpose/build/caffe/src/openpose_lib-build/CMakeFiles/CMakeTmp

Run Build Command(s):/usr/bin/make cmTC_d9109/fast && make[3]: Entering directory '/home/ic1/openpose/build/caffe/src/openpose_lib-build/CMakeFiles/CMakeTmp'
/usr/bin/make  -f CMakeFiles/cmTC_d9109.dir/build.make CMakeFiles/cmTC_d9109.dir/build
make[4]: Entering directory '/home/ic1/openpose/build/caffe/src/openpose_lib-build/CMakeFiles/CMakeTmp'
Building C object CMakeFiles/cmTC_d9109.dir/src.c.o
/usr/bin/cc -DCMAKE_HAVE_LIBC_PTHREAD   -o CMakeFiles/cmTC_d9109.dir/src.c.o -c /home/ic1/openpose/build/caffe/src/openpose_lib-build/CMakeFiles/CMakeTmp/src.c
Linking C executable cmTC_d9109
/usr/local/bin/cmake -E cmake_link_script CMakeFiles/cmTC_d9109.dir/link.txt --verbose=1
/usr/bin/cc -rdynamic CMakeFiles/cmTC_d9109.dir/src.c.o -o cmTC_d9109 
CMakeFiles/cmTC_d9109.dir/src.c.o: In function `main':
src.c:(.text+0x3e): undefined reference to `pthread_create'
src.c:(.text+0x4a): undefined reference to `pthread_detach'
src.c:(.text+0x56): undefined reference to `pthread_cancel'
src.c:(.text+0x67): undefined reference to `pthread_join'
src.c:(.text+0x7b): undefined reference to `pthread_atfork'
collect2: error: ld returned 1 exit status
CMakeFiles/cmTC_d9109.dir/build.make:105: recipe for target 'cmTC_d9109' failed
make[4]: *** [cmTC_d9109] Error 1
make[4]: Leaving directory '/home/ic1/openpose/build/caffe/src/openpose_lib-build/CMakeFiles/CMakeTmp'
Makefile:140: recipe for target 'cmTC_d9109/fast' failed
make[3]: *** [cmTC_d9109/fast] Error 2
make[3]: Leaving directory '/home/ic1/openpose/build/caffe/src/openpose_lib-build/CMakeFiles/CMakeTmp'


Source file was:
#include <pthread.h>

static void* test_func(void* data)
{
  return data;
}

int main(void)
{
  pthread_t thread;
  pthread_create(&thread, NULL, test_func, NULL);
  pthread_detach(thread);
  pthread_cancel(thread);
  pthread_join(thread, NULL);
  pthread_atfork(NULL, NULL, NULL);
  pthread_exit(NULL);

  return 0;
}

