Determining if the pthread_create exist failed with the following output:
Change Dir: /home/ic1/openpose/build/CMakeFiles/CMakeTmp

Run Build Command:"/usr/bin/make" "cmTC_785ad/fast"
/usr/bin/make -f CMakeFiles/cmTC_785ad.dir/build.make CMakeFiles/cmTC_785ad.dir/build
make[1]: Entering directory '/home/ic1/openpose/build/CMakeFiles/CMakeTmp'
Building C object CMakeFiles/cmTC_785ad.dir/CheckSymbolExists.c.o
/usr/bin/cc   -fPIC    -o CMakeFiles/cmTC_785ad.dir/CheckSymbolExists.c.o   -c /home/ic1/openpose/build/CMakeFiles/CMakeTmp/CheckSymbolExists.c
Linking C executable cmTC_785ad
/usr/bin/cmake -E cmake_link_script CMakeFiles/cmTC_785ad.dir/link.txt --verbose=1
/usr/bin/cc -fPIC     -rdynamic CMakeFiles/cmTC_785ad.dir/CheckSymbolExists.c.o  -o cmTC_785ad 
CMakeFiles/cmTC_785ad.dir/CheckSymbolExists.c.o: In function `main':
CheckSymbolExists.c:(.text+0x1b): undefined reference to `pthread_create'
collect2: error: ld returned 1 exit status
CMakeFiles/cmTC_785ad.dir/build.make:97: recipe for target 'cmTC_785ad' failed
make[1]: *** [cmTC_785ad] Error 1
make[1]: Leaving directory '/home/ic1/openpose/build/CMakeFiles/CMakeTmp'
Makefile:126: recipe for target 'cmTC_785ad/fast' failed
make: *** [cmTC_785ad/fast] Error 2

File /home/ic1/openpose/build/CMakeFiles/CMakeTmp/CheckSymbolExists.c:
/* */
#include <pthread.h>

int main(int argc, char** argv)
{
  (void)argv;
#ifndef pthread_create
  return ((int*)(&pthread_create))[argc];
#else
  (void)argc;
  return 0;
#endif
}

Determining if the function pthread_create exists in the pthreads failed with the following output:
Change Dir: /home/ic1/openpose/build/CMakeFiles/CMakeTmp

Run Build Command:"/usr/bin/make" "cmTC_06b60/fast"
/usr/bin/make -f CMakeFiles/cmTC_06b60.dir/build.make CMakeFiles/cmTC_06b60.dir/build
make[1]: Entering directory '/home/ic1/openpose/build/CMakeFiles/CMakeTmp'
Building C object CMakeFiles/cmTC_06b60.dir/CheckFunctionExists.c.o
/usr/bin/cc   -fPIC -DCHECK_FUNCTION_EXISTS=pthread_create   -o CMakeFiles/cmTC_06b60.dir/CheckFunctionExists.c.o   -c /usr/share/cmake-3.10/Modules/CheckFunctionExists.c
Linking C executable cmTC_06b60
/usr/bin/cmake -E cmake_link_script CMakeFiles/cmTC_06b60.dir/link.txt --verbose=1
/usr/bin/cc -fPIC -DCHECK_FUNCTION_EXISTS=pthread_create    -rdynamic CMakeFiles/cmTC_06b60.dir/CheckFunctionExists.c.o  -o cmTC_06b60 -lpthreads 
/usr/bin/ld: cannot find -lpthreads
collect2: error: ld returned 1 exit status
CMakeFiles/cmTC_06b60.dir/build.make:97: recipe for target 'cmTC_06b60' failed
make[1]: *** [cmTC_06b60] Error 1
make[1]: Leaving directory '/home/ic1/openpose/build/CMakeFiles/CMakeTmp'
Makefile:126: recipe for target 'cmTC_06b60/fast' failed
make: *** [cmTC_06b60/fast] Error 2


Performing C SOURCE FILE Test CMAKE_HAVE_LIBC_PTHREAD failed with the following output:
Change Dir: /home/ic1/openpose/build/CMakeFiles/CMakeTmp

Run Build Command(s):/usr/bin/make cmTC_875c2/fast && /usr/bin/make  -f CMakeFiles/cmTC_875c2.dir/build.make CMakeFiles/cmTC_875c2.dir/build
make[1]: Entering directory '/home/ic1/openpose/build/CMakeFiles/CMakeTmp'
Building C object CMakeFiles/cmTC_875c2.dir/src.c.o
/usr/bin/cc -DCMAKE_HAVE_LIBC_PTHREAD  -fPIC  -o CMakeFiles/cmTC_875c2.dir/src.c.o -c /home/ic1/openpose/build/CMakeFiles/CMakeTmp/src.c
Linking C executable cmTC_875c2
/usr/local/bin/cmake -E cmake_link_script CMakeFiles/cmTC_875c2.dir/link.txt --verbose=1
/usr/bin/cc -fPIC  -rdynamic CMakeFiles/cmTC_875c2.dir/src.c.o -o cmTC_875c2 
CMakeFiles/cmTC_875c2.dir/src.c.o: In function `main':
src.c:(.text+0x3e): undefined reference to `pthread_create'
src.c:(.text+0x4a): undefined reference to `pthread_detach'
src.c:(.text+0x56): undefined reference to `pthread_cancel'
src.c:(.text+0x67): undefined reference to `pthread_join'
src.c:(.text+0x7b): undefined reference to `pthread_atfork'
collect2: error: ld returned 1 exit status
CMakeFiles/cmTC_875c2.dir/build.make:105: recipe for target 'cmTC_875c2' failed
make[1]: *** [cmTC_875c2] Error 1
make[1]: Leaving directory '/home/ic1/openpose/build/CMakeFiles/CMakeTmp'
Makefile:140: recipe for target 'cmTC_875c2/fast' failed
make: *** [cmTC_875c2/fast] Error 2


Source file was:
#include <pthread.h>

static void* test_func(void* data)
{
  return data;
}

int main(void)
{
  pthread_t thread;
  pthread_create(&thread, NULL, test_func, NULL);
  pthread_detach(thread);
  pthread_cancel(thread);
  pthread_join(thread, NULL);
  pthread_atfork(NULL, NULL, NULL);
  pthread_exit(NULL);

  return 0;
}

